<?xml version="1.0" encoding="UTF-8"?>
<!-- Generated by org.testng.reporters.JUnitReportReporter -->
<testsuite name="test.Demo" tests="1" time="10.557" ignored="0" failures="0" timestamp="20 Feb 2018 05:52:24 GMT" skipped="0" hostname="DESKTOP-OFB923L" errors="0">
  <testcase name="openBrowser" time="10.557" classname="test.Demo"/>
</testsuite> <!-- test.Demo -->
