<?xml version="1.0" encoding="UTF-8"?>
<!-- Generated by org.testng.reporters.JUnitReportReporter -->
<testsuite name="test.Test1" tests="1" time="7.187" ignored="0" failures="0" timestamp="27 Feb 2018 09:09:35 GMT" skipped="0" hostname="DESKTOP-OFB923L" errors="0">
  <testcase name="test1" time="7.187" classname="test.Test1"/>
</testsuite> <!-- test.Test1 -->
